@!@!@STARTMSG 2262:0 @!@!@
TLC2 Version 2.16 of 31 December 2020 (rev: cdddf55)
@!@!@ENDMSG 2262 @!@!@
@!@!@STARTMSG 2187:0 @!@!@
Running breadth-first search Model-Checking with fp 46 and seed -4779039949173359534 with 12 workers on 24 cores with 2412MB heap and 5422MB offheap memory [pid: 15400] (Windows 10 10.0 amd64, AdoptOpenJDK 14.0.1 x86_64, OffHeapDiskFPSet, DiskStateQueue).
@!@!@ENDMSG 2187 @!@!@
@!@!@STARTMSG 2220:0 @!@!@
Starting SANY...
@!@!@ENDMSG 2220 @!@!@
Parsing file C:\Users\Administrator\Desktop\新建文件夹\WaterGallon\WaterGallon.toolbox\Model_1\MC.tla
Parsing file C:\Users\Administrator\Desktop\新建文件夹\WaterGallon\WaterGallon.toolbox\Model_1\WaterGallon.tla
Parsing file C:\Users\Administrator\Desktop\toolbox\plugins\org.lamport.tlatools_1.0.0.202012311918\tla2sany\StandardModules\TLC.tla
Parsing file C:\Users\Administrator\Desktop\toolbox\plugins\org.lamport.tlatools_1.0.0.202012311918\tla2sany\StandardModules\Integers.tla
Parsing file C:\Users\Administrator\Desktop\toolbox\plugins\org.lamport.tlatools_1.0.0.202012311918\tla2sany\StandardModules\Naturals.tla
Parsing file C:\Users\Administrator\Desktop\toolbox\plugins\org.lamport.tlatools_1.0.0.202012311918\tla2sany\StandardModules\Sequences.tla
Parsing file C:\Users\Administrator\Desktop\toolbox\plugins\org.lamport.tlatools_1.0.0.202012311918\tla2sany\StandardModules\FiniteSets.tla
Semantic processing of module Naturals
Semantic processing of module Integers
Semantic processing of module WaterGallon
Semantic processing of module Sequences
Semantic processing of module FiniteSets
Semantic processing of module TLC
Semantic processing of module MC
@!@!@STARTMSG 2219:0 @!@!@
SANY finished.
@!@!@ENDMSG 2219 @!@!@
@!@!@STARTMSG 2185:0 @!@!@
Starting... (2023-05-29 13:51:03)
@!@!@ENDMSG 2185 @!@!@
@!@!@STARTMSG 2231:1 @!@!@
The configuration file did not specify the initial state predicate.
Can also be caused by trying to run TLC on a specification from
a module imported with a parameterized INSTANCE statement.
@!@!@ENDMSG 2231 @!@!@
@!@!@STARTMSG 2186:0 @!@!@
Finished in 189ms at (2023-05-29 13:51:03)
@!@!@ENDMSG 2186 @!@!@
