@!@!@STARTMSG 2262:0 @!@!@
TLC2 Version 2.16 of 31 December 2020 (rev: cdddf55)
@!@!@ENDMSG 2262 @!@!@
@!@!@STARTMSG 2187:0 @!@!@
Running breadth-first search Model-Checking with fp 107 and seed -45130316473758875 with 12 workers on 24 cores with 2412MB heap and 5422MB offheap memory [pid: 17424] (Windows 10 10.0 amd64, AdoptOpenJDK 14.0.1 x86_64, OffHeapDiskFPSet, DiskStateQueue).
@!@!@ENDMSG 2187 @!@!@
@!@!@STARTMSG 2220:0 @!@!@
Starting SANY...
@!@!@ENDMSG 2220 @!@!@
Parsing file D:\Documents\GitHub\TLA\Tutorials\TCommit\TCommit.toolbox\Model_1\MC.tla
Parsing file D:\Documents\GitHub\TLA\Tutorials\TCommit\TCommit.toolbox\Model_1\TCommit.tla
Parsing file C:\Users\Administrator\Desktop\toolbox\plugins\org.lamport.tlatools_1.0.0.202012311918\tla2sany\StandardModules\TLC.tla
Parsing file C:\Users\Administrator\Desktop\toolbox\plugins\org.lamport.tlatools_1.0.0.202012311918\tla2sany\StandardModules\Naturals.tla
Parsing file C:\Users\Administrator\Desktop\toolbox\plugins\org.lamport.tlatools_1.0.0.202012311918\tla2sany\StandardModules\Sequences.tla
Parsing file C:\Users\Administrator\Desktop\toolbox\plugins\org.lamport.tlatools_1.0.0.202012311918\tla2sany\StandardModules\FiniteSets.tla
Semantic processing of module TCommit
Semantic processing of module Naturals
Semantic processing of module Sequences
Semantic processing of module FiniteSets
Semantic processing of module TLC
Semantic processing of module MC
@!@!@STARTMSG 2219:0 @!@!@
SANY finished.
@!@!@ENDMSG 2219 @!@!@
@!@!@STARTMSG 2185:0 @!@!@
Starting... (2023-05-29 14:43:41)
@!@!@ENDMSG 2185 @!@!@
@!@!@STARTMSG 2222:1 @!@!@
The constant parameter RM is not assigned a value by the configuration file.
@!@!@ENDMSG 2222 @!@!@
@!@!@STARTMSG 2186:0 @!@!@
Finished in 187ms at (2023-05-29 14:43:41)
@!@!@ENDMSG 2186 @!@!@
